TN:
SF:src/main.jsx
FNF:0
FNH:0
DA:7,0
LF:1
LH:0
BRF:0
BRH:0
end_of_record
TN:
SF:src/containers/App/App.jsx
FN:7,(anonymous_0)
FN:9,(anonymous_1)
FNF:2
FNH:0
FNDA:0,(anonymous_0)
FNDA:0,(anonymous_1)
DA:7,0
DA:8,0
DA:9,0
DA:10,0
DA:13,0
LF:5
LH:0
BRDA:16,0,0,0
BRDA:16,0,1,0
BRF:2
BRH:0
end_of_record
TN:
SF:src/containers/Login/Login.jsx
FN:3,(anonymous_0)
FN:7,(anonymous_1)
FN:19,(anonymous_2)
FN:27,(anonymous_3)
FN:34,(anonymous_4)
FNF:5
FNH:3
FNDA:5,(anonymous_0)
FNDA:0,(anonymous_1)
FNDA:1,(anonymous_2)
FNDA:1,(anonymous_3)
FNDA:0,(anonymous_4)
DA:3,1
DA:4,5
DA:5,5
DA:7,5
DA:8,0
DA:9,0
DA:12,5
DA:19,1
DA:27,1
DA:34,0
LF:10
LH:7
BRF:0
BRH:0
end_of_record
TN:
SF:src/containers/Register/Register.jsx
FN:3,(anonymous_0)
FN:10,(anonymous_1)
FN:22,(anonymous_2)
FN:31,(anonymous_3)
FN:40,(anonymous_4)
FN:49,(anonymous_5)
FN:57,(anonymous_6)
FN:64,(anonymous_7)
FNF:8
FNH:6
FNDA:11,(anonymous_0)
FNDA:0,(anonymous_1)
FNDA:1,(anonymous_2)
FNDA:1,(anonymous_3)
FNDA:1,(anonymous_4)
FNDA:1,(anonymous_5)
FNDA:1,(anonymous_6)
FNDA:0,(anonymous_7)
DA:3,1
DA:4,11
DA:5,11
DA:6,11
DA:7,11
DA:8,11
DA:10,11
DA:11,0
DA:12,0
DA:15,11
DA:22,1
DA:31,1
DA:40,1
DA:49,1
DA:57,1
DA:64,0
LF:16
LH:13
BRF:0
BRH:0
end_of_record
